<?xml version="1.0" encoding="UTF-8"?>
<!-- Generated by org.testng.reporters.JUnitReportReporter -->
<testsuite hostname="Ravi" failures="0" tests="1" name="demositeautomation.datepickerdemo" time="7.371" errors="0" timestamp="2024-03-27T00:13:44 IST" skipped="0">
  <testcase classname="demositeautomation.datepickerdemo" name="datepickerd" time="7.371"/>
</testsuite> <!-- demositeautomation.datepickerdemo -->
